C51 COMPILER V7.06   TOILET                                                                12/05/2018 09:53:08 PAGE 1   


C51 COMPILER V7.06, COMPILATION OF MODULE TOILET
OBJECT MODULE PLACED IN toilet.OBJ
COMPILER INVOKED BY: C:\Keil\C51\BIN\C51.EXE toilet.c BROWSE DEBUG OBJECTEXTEND

stmt level    source

   1          /*------------------------------------------------------------------*/
   2          /* --- STC MCU Limited ---------------------------------------------*/
   3          /* --- STC12C56xx Series Programmable Clock Output Demo ------------*/
   4          /* --- Mobile: (86)13922805190 -------------------------------------*/
   5          /* --- Fax: 86-0513-55012956,55012947,55012969 ---------------------*/
   6          /* --- Tel: 86-0513-55012928,55012929,55012966----------------------*/
   7          /* --- Web: www.STCMCU.com -----------------------------------------*/
   8          /* --- Web: www.GXWMCU.com -----------------------------------------*/
   9          /* If you want to use the program or the program referenced in the  */
  10          /* article, please specify in which data and procedures from STC    */
  11          /*------------------------------------------------------------------*/
  12          
  13          //20180824修改版，根据出现的问题，调整精确定时时间，电机前进后退都是6秒，中间间隔4秒。
  14          //为了防止限位器故障，导致电机不动作。现将逻辑修改为：电机现动作5秒，再判断到达限位开关。
  15          
  16          //20180825修改版，添加上电后电机自动运行一个流程，用于确定电机电路是否正常。
  17          //20180827修改，将定时时间由7秒改为6秒，原时间较长。
  18          //20180923修改，还是用行程开关来确定电机工作位置。并把电机运行时间加长(15秒)，防止限位失灵，程序死循环
  19          //20181008修改，电机运行时间过长，导致电机声音太大，现在减小时间到9秒
  20          
  21          #include "STC12C20XX.h"
  22          
  23          sbit Watchdog=P3^7;             //看门狗输出
  24          
  25          sbit Relay1=P3^0;  
  26          sbit Relay2=P3^1;  
  27          
  28          sbit Forward  =P1^7;            //电机反转限位开关点
  29          sbit Backward =P1^6;            //电机零位限位开关点 
  30          sbit Button   =P1^4;  
  31          
  32          sbit InOut1=P1^0;  
  33          sbit InOut2=P1^1;  
  34          sbit InOut3=P1^2;  
  35          sbit InOut4=P1^3;  
  36          
  37          
  38          unsigned int Timer_1mS;
  39          unsigned int Timer_1S;
  40          unsigned int TimerOut;
  41          
  42          void Delay_ms (unsigned int a);
  43          void Delay_4S(void);
  44          void Timer0Init (void);
  45          void RelayOutInit (void);
  46          void StepLightInit(void);
  47          
  48          void StepLight(unsigned int Step);
  49          
  50          unsigned int PutButtonDown(void);
  51          unsigned int GetPointForward(void);
  52          unsigned int GetPointBackward(void);
  53          
  54          void MotorMotionForward(void);
  55          void MotorMotionReverse(void);
C51 COMPILER V7.06   TOILET                                                                12/05/2018 09:53:08 PAGE 2   

  56          void MotorStopMotion(void);
  57          void MotorMotionHome(void);
  58          
  59          
  60          /*--------------------------------------主函数--------------------------------------*/
  61          void main(void)
  62          {
  63   1              Timer0Init(); 
  64   1      
  65   1              ET0=1;                  //开定时器中断
  66   1              EA=1;                   //开总中断
  67   1              TR0=1;                  //启动定时器
  68   1      
  69   1              RelayOutInit();
  70   1              StepLightInit();
  71   1      
  72   1              Timer_1mS= 0 ;
  73   1              Timer_1S = 0 ;
  74   1              TimerOut = 0 ;
  75   1      
  76   1              MotorMotionHome();
  77   1              Delay_4S();
  78   1              MotorMotionForward();
  79   1              Delay_4S();
  80   1              MotorStopMotion();
  81   1              Delay_4S();
  82   1              MotorMotionReverse();
  83   1              Delay_4S();
  84   1      
  85   1              while(1)
  86   1              {
  87   2                      StepLight(1);
  88   2                      while(!PutButtonDown());
  89   2      
  90   2                      StepLight(2);
  91   2                      MotorMotionForward();
  92   2      
  93   2                      StepLight(3);
  94   2                      MotorStopMotion();
  95   2                      Delay_4S();
  96   2      
  97   2                      StepLight(4);
  98   2                      MotorMotionReverse();
  99   2      
 100   2                      Delay_4S();
 101   2      
 102   2              }
 103   1      }
 104          
 105          
 106          /*-----------------------------------中断服务程序-----------------------------------*/
 107          void Timer0_Rountine(void) interrupt 1 
 108          {
 109   1              TH0=0xFE;       
 110   1              TL0=0x3E;                               //重新装载定时器时基值
 111   1      
 112   1          Timer_1mS++;
 113   1      
 114   1              if (Timer_1mS==1000)
 115   1              {                                                       //定时器循环计数1000次为一秒
 116   2                      Timer_1mS=0;                    //次数清零，从新循环计数
 117   2                      Timer_1S++;                             //秒加一
C51 COMPILER V7.06   TOILET                                                                12/05/2018 09:53:08 PAGE 3   

 118   2                      Watchdog=~Watchdog;             //喂狗
 119   2              }
 120   1      
 121   1              if(Timer_1S >= 9)       //当电机运行时间超过此设定时间后，置位标志位TimeOut.
 122   1              {
 123   2                      Timer_1S = 0;
 124   2                      TimerOut = 1 ;
 125   2              }       
 126   1      }
 127          
 128          
 129          /*----------------------------------定时器初始化函数----------------------------------*/
 130          void Timer0Init (void)
 131          {   
 132   1              TMOD=0x01;                              //定时器工作方式1:16位
 133   1      
 134   1              TH0=0xFE;       
 135   1              TL0=0x3E;                                       //定时时间1ms
 136   1      } 
 137          
 138          
 139          /*----------------------------------继电器/输出口初始化函数----------------------------------*/
 140          void RelayOutInit (void)
 141          {   
 142   1              P3M0=0x00;                              //P3口工作方式:强推挽输出
 143   1              P3M1=0xff;      
 144   1      
 145   1              Relay1=1;  
 146   1              Relay2=1;  
 147   1      } 
 148          
 149          
 150          /*----------------------------------运行步骤指示LED灯输出口初始化函数----------------------------------*/
 151          void StepLightInit(void)
 152          {
 153   1              P1M0=0x00;                              //P1口工作方式:强推挽输出
 154   1              P1M1=0x0f;      
 155   1      
 156   1              InOut1=1;  
 157   1              InOut2=1;  
 158   1              InOut3=1;  
 159   1              InOut4=1;  
 160   1      }
 161          
 162          /*-------------------------------------延时函数-------------------------------------*/
 163          void Delay_ms (unsigned int a)
 164          {
 165   1              unsigned int i;
 166   1              while( --a != 0)
 167   1              {
 168   2                      for(i = 0; i < 600; i++);
 169   2              }
 170   1      }
 171          
 172          
 173          /*-------------------------------------长延时函数-------------------------------------*/
 174          void Delay_4S()
 175          {
 176   1              Delay_ms(1000);
 177   1              Delay_ms(1000);
 178   1      }
 179          
C51 COMPILER V7.06   TOILET                                                                12/05/2018 09:53:08 PAGE 4   

 180          
 181          /*----------------------------------启动按钮检测函数----------------------------------*/
 182          //当按纽按下，函数返回1；否则，函数返回0
 183          unsigned int PutButtonDown(void)
 184          {
 185   1              unsigned int Flag;
 186   1              Flag = 0 ;
 187   1      
 188   1              if(Button==0)
 189   1              {
 190   2                      Delay_ms(100);
 191   2      
 192   2                      if(Button==0)
 193   2                              Flag = 1 ;
 194   2              }
 195   1      
 196   1              return (Flag);
 197   1      }
 198          
 199          
 200          /*----------------------------------工作步骤指示LED显示函数----------------------------------*/
 201          void StepLight(unsigned int Step)
 202          {
 203   1              switch(Step)
 204   1              {
 205   2                      case 1: InOut1=0;
 206   2                                      InOut2=1;
 207   2                                      InOut3=1;
 208   2                                      InOut4=1;
 209   2                                      break;
 210   2                      case 2: InOut1=1;
 211   2                                      InOut2=0;
 212   2                                      InOut3=1;
 213   2                                      InOut4=1;
 214   2                                      break;
 215   2                      case 3: InOut1=1;
 216   2                                      InOut2=1;
 217   2                                      InOut3=0;
 218   2                                      InOut4=1;
 219   2                                      break;
 220   2                      case 4: InOut1=1;
 221   2                                      InOut2=1;
 222   2                                      InOut3=1;
 223   2                                      InOut4=0;
 224   2                                      break;
 225   2                      default:InOut1=1;
 226   2                                      InOut2=1;
 227   2                                      InOut3=1;
 228   2                                      InOut4=1;
 229   2              }
 230   1      }
 231          
 232          
 233          
 234          /*----------------------------------电机向前动作到停止点函数----------------------------------*/
 235          void MotorMotionForward(void)
 236          {
 237   1              Relay1 =1;
 238   1              Relay2 =0;
 239   1      
 240   1              Timer_1mS=0;
 241   1              Timer_1S =0;
C51 COMPILER V7.06   TOILET                                                                12/05/2018 09:53:08 PAGE 5   

 242   1              TimerOut =0;
 243   1      
 244   1              while(Timer_1S<5);
 245   1      
 246   1              while(!GetPointForward());
 247   1      
 248   1              Relay1 =1;
 249   1              Relay2 =1;
 250   1      }
 251          
 252          
 253          /*----------------------------------电机向后动作到停止点函数----------------------------------*/
 254          void MotorMotionReverse(void)
 255          {
 256   1              Relay1 =0;
 257   1              Relay2 =1;
 258   1      
 259   1              Timer_1mS=0;
 260   1              Timer_1S =0;
 261   1              TimerOut =0;
 262   1      
 263   1              while(Timer_1S<5);
 264   1      
 265   1              while(!GetPointBackward());
 266   1      
 267   1              Relay1 =1;
 268   1              Relay2 =1;
 269   1      }
 270          
 271          
 272          /*----------------------------------电机停止动作函数----------------------------------*/
 273          void MotorStopMotion(void)
 274          {
 275   1              Relay1 =1;
 276   1              Relay2 =1;
 277   1      }
 278          
 279          
 280          
 281          /*----------------------------------电机回到初始位置函数----------------------------------*/
 282          void MotorMotionHome(void)
 283          {
 284   1      
 285   1              Relay1 =0;
 286   1              Relay2 =1;
 287   1      
 288   1              Timer_1mS=0;
 289   1              Timer_1S =0;
 290   1              TimerOut =0;
 291   1      
 292   1              while(!GetPointBackward());
 293   1      
 294   1              Relay1 =1;
 295   1              Relay2 =1;
 296   1      
 297   1      }
 298          
 299          
 300          /*----------------------------------电机到达前停止点检测函数----------------------------------*/
 301          //电机到达前停止位，函数返回1；否则函数返回0
 302          unsigned int GetPointForward(void)
 303          {
C51 COMPILER V7.06   TOILET                                                                12/05/2018 09:53:08 PAGE 6   

 304   1              unsigned int Point;
 305   1              
 306   1              Point=0;
 307   1              
 308   1              if(Forward==0 || TimerOut==1)
 309   1                      Point=1;
 310   1      
 311   1              return(Point);
 312   1      }
 313          
 314          
 315          /*----------------------------------电机到达后停止点检测函数----------------------------------*/
 316          //电机到达后停止位，函数返回1；否则函数返回0
 317          unsigned int GetPointBackward(void)
 318          {
 319   1              unsigned int Point;
 320   1              
 321   1              Point=0;
 322   1              
 323   1              if(Backward==0 || TimerOut==1)
 324   1                      Point=1;
 325   1      
 326   1              return(Point);
 327   1      }
 328          
 329          
 330          
 331          
 332          


MODULE INFORMATION:   STATIC OVERLAYABLE
   CODE SIZE        =    481    ----
   CONSTANT SIZE    =   ----    ----
   XDATA SIZE       =   ----    ----
   PDATA SIZE       =   ----    ----
   DATA SIZE        =      6    ----
   IDATA SIZE       =   ----    ----
   BIT SIZE         =   ----    ----
END OF MODULE INFORMATION.


C51 COMPILATION COMPLETE.  0 WARNING(S),  0 ERROR(S)
